Сборка начата 06.09.2014 10:32:44.
     1>Проект "c:\Users\Kate\documents\visual studio 2010\Projects\Hel\Hel\Hel.vcxproj" в узле 2 (целевые объекты build).
     1>PrepareForBuild:
         Создание каталога "c:\users\kate\documents\visual studio 2010\Projects\Hel\Debug\".
       InitializeBuildStatus:
         Создание "Debug\Hel.unsuccessfulbuild", так как было задано "AlwaysCreate".
       ClCompile:
         C:\Program Files\Microsoft Visual Studio 10.0\VC\bin\CL.exe /c /ZI /nologo /W3 /WX- /Od /Oy- /D _MBCS /Gm /EHsc /RTC1 /MDd /GS /fp:precise /Zc:wchar_t /Zc:forScope /Fo"Debug\\" /Fd"Debug\vc100.pdb" /Gd /TP /analyze- /errorReport:prompt h.cpp
         h.cpp
       Link:
         C:\Program Files\Microsoft Visual Studio 10.0\VC\bin\link.exe /ERRORREPORT:PROMPT /OUT:"c:\users\kate\documents\visual studio 2010\Projects\Hel\Debug\Hel.exe" /NOLOGO kernel32.lib user32.lib gdi32.lib winspool.lib comdlg32.lib advapi32.lib shell32.lib ole32.lib oleaut32.lib uuid.lib odbc32.lib odbccp32.lib /MANIFEST /ManifestFile:"Debug\Hel.exe.intermediate.manifest" /MANIFESTUAC:"level='asInvoker' uiAccess='false'" /DEBUG /PDB:"c:\users\kate\documents\visual studio 2010\Projects\Hel\Debug\Hel.pdb" /TLBID:1 /DYNAMICBASE /NXCOMPAT /IMPLIB:"c:\users\kate\documents\visual studio 2010\Projects\Hel\Debug\Hel.lib" /MACHINE:X86 Debug\h.obj
         Hel.vcxproj -> c:\users\kate\documents\visual studio 2010\Projects\Hel\Debug\Hel.exe
       Manifest:
         C:\Program Files\Microsoft SDKs\Windows\v7.0A\bin\mt.exe /nologo /verbose /outputresource:"c:\users\kate\documents\visual studio 2010\Projects\Hel\Debug\Hel.exe;#1" /manifest Debug\Hel.exe.intermediate.manifest
       FinalizeBuildStatus:
         Файл "Debug\Hel.unsuccessfulbuild" удаляется.
         Обращение к "Debug\Hel.lastbuildstate".
     1>Построение проекта "c:\Users\Kate\documents\visual studio 2010\Projects\Hel\Hel\Hel.vcxproj" завершено (целевые объекты build).

Построение успешно завершено.

Затраченное время: 00:00:07.40
